2015-06-20 21:16:37,558 DEBUG org.springframework.core.env.StandardEnvironment ~ Adding [systemProperties] PropertySource with lowest search precedence
2015-06-20 21:16:37,560 DEBUG org.springframework.core.env.StandardEnvironment ~ Adding [systemEnvironment] PropertySource with lowest search precedence
2015-06-20 21:16:37,560 DEBUG org.springframework.core.env.StandardEnvironment ~ Initialized StandardEnvironment with PropertySources [systemProperties,systemEnvironment]
2015-06-20 21:16:37,565 INFO  org.springframework.context.support.ClassPathXmlApplicationContext ~ Refreshing org.springframework.context.support.ClassPathXmlApplicationContext@41a4555e: startup date [Sat Jun 20 21:16:37 EDT 2015]; root of context hierarchy
2015-06-20 21:16:37,620 DEBUG org.springframework.core.env.StandardEnvironment ~ Adding [systemProperties] PropertySource with lowest search precedence
2015-06-20 21:16:37,620 DEBUG org.springframework.core.env.StandardEnvironment ~ Adding [systemEnvironment] PropertySource with lowest search precedence
2015-06-20 21:16:37,620 DEBUG org.springframework.core.env.StandardEnvironment ~ Initialized StandardEnvironment with PropertySources [systemProperties,systemEnvironment]
2015-06-20 21:16:37,634 INFO  org.springframework.beans.factory.xml.XmlBeanDefinitionReader ~ Loading XML bean definitions from class path resource [application-context.xml]
2015-06-20 21:16:37,657 DEBUG org.springframework.beans.factory.xml.DefaultDocumentLoader ~ Using JAXP provider [com.sun.org.apache.xerces.internal.jaxp.DocumentBuilderFactoryImpl]
2015-06-20 21:16:37,706 TRACE org.springframework.beans.factory.xml.PluggableSchemaResolver ~ Trying to resolve XML entity with public id [null] and system id [http://www.springframework.org/schema/beans/spring-beans-3.0.xsd]
2015-06-20 21:16:37,706 DEBUG org.springframework.beans.factory.xml.PluggableSchemaResolver ~ Loading schema mappings from [META-INF/spring.schemas]
2015-06-20 21:16:37,725 DEBUG org.springframework.beans.factory.xml.PluggableSchemaResolver ~ Loaded schema mappings: {http://www.springframework.org/schema/util/spring-util.xsd=org/springframework/beans/factory/xml/spring-util-4.0.xsd, http://www.springframework.org/schema/jee/spring-jee-3.2.xsd=org/springframework/ejb/config/spring-jee-3.2.xsd, http://www.springframework.org/schema/beans/spring-beans-3.1.xsd=org/springframework/beans/factory/xml/spring-beans-3.1.xsd, http://www.springframework.org/schema/task/spring-task.xsd=org/springframework/scheduling/config/spring-task-4.0.xsd, http://www.springframework.org/schema/cache/spring-cache.xsd=org/springframework/cache/config/spring-cache-4.0.xsd, http://www.springframework.org/schema/aop/spring-aop-3.0.xsd=org/springframework/aop/config/spring-aop-3.0.xsd, http://www.springframework.org/schema/task/spring-task-3.1.xsd=org/springframework/scheduling/config/spring-task-3.1.xsd, http://www.springframework.org/schema/aop/spring-aop-2.0.xsd=org/springframework/aop/config/spring-aop-2.0.xsd, http://www.springframework.org/schema/aop/spring-aop-4.0.xsd=org/springframework/aop/config/spring-aop-4.0.xsd, http://www.springframework.org/schema/tool/spring-tool-2.5.xsd=org/springframework/beans/factory/xml/spring-tool-2.5.xsd, http://www.springframework.org/schema/beans/spring-beans.xsd=org/springframework/beans/factory/xml/spring-beans-4.0.xsd, http://www.springframework.org/schema/jee/spring-jee-2.5.xsd=org/springframework/ejb/config/spring-jee-2.5.xsd, http://www.springframework.org/schema/jdbc/spring-jdbc-3.1.xsd=org/springframework/jdbc/config/spring-jdbc-3.1.xsd, http://www.springframework.org/schema/tool/spring-tool-3.1.xsd=org/springframework/beans/factory/xml/spring-tool-3.1.xsd, http://www.springframework.org/schema/aop/spring-aop.xsd=org/springframework/aop/config/spring-aop-4.0.xsd, http://www.springframework.org/schema/jee/spring-jee-3.1.xsd=org/springframework/ejb/config/spring-jee-3.1.xsd, http://www.springframework.org/schema/tx/spring-tx-3.2.xsd=org/springframework/transaction/config/spring-tx-3.2.xsd, http://www.springframework.org/schema/context/spring-context-3.2.xsd=org/springframework/context/config/spring-context-3.2.xsd, http://www.springframework.org/schema/util/spring-util-3.2.xsd=org/springframework/beans/factory/xml/spring-util-3.2.xsd, http://www.springframework.org/schema/beans/spring-beans-2.0.xsd=org/springframework/beans/factory/xml/spring-beans-2.0.xsd, http://www.springframework.org/schema/beans/spring-beans-4.0.xsd=org/springframework/beans/factory/xml/spring-beans-4.0.xsd, http://www.springframework.org/schema/lang/spring-lang-3.2.xsd=org/springframework/scripting/config/spring-lang-3.2.xsd, http://www.springframework.org/schema/beans/spring-beans-3.0.xsd=org/springframework/beans/factory/xml/spring-beans-3.0.xsd, http://www.springframework.org/schema/cache/spring-cache-3.2.xsd=org/springframework/cache/config/spring-cache-3.2.xsd, http://www.springframework.org/schema/task/spring-task-3.0.xsd=org/springframework/scheduling/config/spring-task-3.0.xsd, http://www.springframework.org/schema/task/spring-task-4.0.xsd=org/springframework/scheduling/config/spring-task-4.0.xsd, http://www.springframework.org/schema/tx/spring-tx-2.5.xsd=org/springframework/transaction/config/spring-tx-2.5.xsd, http://www.springframework.org/schema/context/spring-context-2.5.xsd=org/springframework/context/config/spring-context-2.5.xsd, http://www.springframework.org/schema/jdbc/spring-jdbc-4.0.xsd=org/springframework/jdbc/config/spring-jdbc-4.0.xsd, http://www.springframework.org/schema/jdbc/spring-jdbc-3.0.xsd=org/springframework/jdbc/config/spring-jdbc-3.0.xsd, http://www.springframework.org/schema/tool/spring-tool-3.0.xsd=org/springframework/beans/factory/xml/spring-tool-3.0.xsd, http://www.springframework.org/schema/tx/spring-tx.xsd=org/springframework/transaction/config/spring-tx-4.0.xsd, http://www.springframework.org/schema/util/spring-util-2.5.xsd=org/springframework/beans/factory/xml/spring-util-2.5.xsd, http://www.springframework.org/schema/tool/spring-tool-2.0.xsd=org/springframework/beans/factory/xml/spring-tool-2.0.xsd, http://www.springframework.org/schema/lang/spring-lang.xsd=org/springframework/scripting/config/spring-lang-4.0.xsd, http://www.springframework.org/schema/tool/spring-tool-4.0.xsd=org/springframework/beans/factory/xml/spring-tool-4.0.xsd, http://www.springframework.org/schema/lang/spring-lang-2.5.xsd=org/springframework/scripting/config/spring-lang-2.5.xsd, http://www.springframework.org/schema/aop/spring-aop-3.2.xsd=org/springframework/aop/config/spring-aop-3.2.xsd, http://www.springframework.org/schema/jee/spring-jee-3.0.xsd=org/springframework/ejb/config/spring-jee-3.0.xsd, http://www.springframework.org/schema/tx/spring-tx-3.1.xsd=org/springframework/transaction/config/spring-tx-3.1.xsd, http://www.springframework.org/schema/jee/spring-jee-2.0.xsd=org/springframework/ejb/config/spring-jee-2.0.xsd, http://www.springframework.org/schema/context/spring-context-3.1.xsd=org/springframework/context/config/spring-context-3.1.xsd, http://www.springframework.org/schema/jee/spring-jee-4.0.xsd=org/springframework/ejb/config/spring-jee-4.0.xsd, http://www.springframework.org/schema/util/spring-util-3.1.xsd=org/springframework/beans/factory/xml/spring-util-3.1.xsd, http://www.springframework.org/schema/lang/spring-lang-3.1.xsd=org/springframework/scripting/config/spring-lang-3.1.xsd, http://www.springframework.org/schema/cache/spring-cache-3.1.xsd=org/springframework/cache/config/spring-cache-3.1.xsd, http://www.springframework.org/schema/context/spring-context.xsd=org/springframework/context/config/spring-context-4.0.xsd, http://www.springframework.org/schema/jee/spring-jee.xsd=org/springframework/ejb/config/spring-jee-4.0.xsd, http://www.springframework.org/schema/aop/spring-aop-2.5.xsd=org/springframework/aop/config/spring-aop-2.5.xsd, http://www.springframework.org/schema/jdbc/spring-jdbc.xsd=org/springframework/jdbc/config/spring-jdbc-4.0.xsd, http://www.springframework.org/schema/beans/spring-beans-3.2.xsd=org/springframework/beans/factory/xml/spring-beans-3.2.xsd, http://www.springframework.org/schema/tx/spring-tx-2.0.xsd=org/springframework/transaction/config/spring-tx-2.0.xsd, http://www.springframework.org/schema/aop/spring-aop-3.1.xsd=org/springframework/aop/config/spring-aop-3.1.xsd, http://www.springframework.org/schema/tx/spring-tx-4.0.xsd=org/springframework/transaction/config/spring-tx-4.0.xsd, http://www.springframework.org/schema/task/spring-task-3.2.xsd=org/springframework/scheduling/config/spring-task-3.2.xsd, http://www.springframework.org/schema/context/spring-context-4.0.xsd=org/springframework/context/config/spring-context-4.0.xsd, http://www.springframework.org/schema/tx/spring-tx-3.0.xsd=org/springframework/transaction/config/spring-tx-3.0.xsd, http://www.springframework.org/schema/context/spring-context-3.0.xsd=org/springframework/context/config/spring-context-3.0.xsd, http://www.springframework.org/schema/tool/spring-tool.xsd=org/springframework/beans/factory/xml/spring-tool-4.0.xsd, http://www.springframework.org/schema/util/spring-util-3.0.xsd=org/springframework/beans/factory/xml/spring-util-3.0.xsd, http://www.springframework.org/schema/util/spring-util-2.0.xsd=org/springframework/beans/factory/xml/spring-util-2.0.xsd, http://www.springframework.org/schema/lang/spring-lang-3.0.xsd=org/springframework/scripting/config/spring-lang-3.0.xsd, http://www.springframework.org/schema/util/spring-util-4.0.xsd=org/springframework/beans/factory/xml/spring-util-4.0.xsd, http://www.springframework.org/schema/lang/spring-lang-2.0.xsd=org/springframework/scripting/config/spring-lang-2.0.xsd, http://www.springframework.org/schema/cache/spring-cache-4.0.xsd=org/springframework/cache/config/spring-cache-4.0.xsd, http://www.springframework.org/schema/lang/spring-lang-4.0.xsd=org/springframework/scripting/config/spring-lang-4.0.xsd, http://www.springframework.org/schema/jdbc/spring-jdbc-3.2.xsd=org/springframework/jdbc/config/spring-jdbc-3.2.xsd, http://www.springframework.org/schema/tool/spring-tool-3.2.xsd=org/springframework/beans/factory/xml/spring-tool-3.2.xsd, http://www.springframework.org/schema/beans/spring-beans-2.5.xsd=org/springframework/beans/factory/xml/spring-beans-2.5.xsd}
2015-06-20 21:16:37,726 DEBUG org.springframework.beans.factory.xml.PluggableSchemaResolver ~ Found XML schema [http://www.springframework.org/schema/beans/spring-beans-3.0.xsd] in classpath: org/springframework/beans/factory/xml/spring-beans-3.0.xsd
2015-06-20 21:16:37,782 TRACE org.springframework.beans.factory.xml.PluggableSchemaResolver ~ Trying to resolve XML entity with public id [null] and system id [http://www.springframework.org/schema/context/spring-context-3.0.xsd]
2015-06-20 21:16:37,783 DEBUG org.springframework.beans.factory.xml.PluggableSchemaResolver ~ Found XML schema [http://www.springframework.org/schema/context/spring-context-3.0.xsd] in classpath: org/springframework/context/config/spring-context-3.0.xsd
2015-06-20 21:16:37,796 TRACE org.springframework.beans.factory.xml.PluggableSchemaResolver ~ Trying to resolve XML entity with public id [null] and system id [http://www.springframework.org/schema/tool/spring-tool-3.0.xsd]
2015-06-20 21:16:37,796 DEBUG org.springframework.beans.factory.xml.PluggableSchemaResolver ~ Found XML schema [http://www.springframework.org/schema/tool/spring-tool-3.0.xsd] in classpath: org/springframework/beans/factory/xml/spring-tool-3.0.xsd
2015-06-20 21:16:37,820 TRACE org.springframework.beans.factory.xml.PluggableSchemaResolver ~ Trying to resolve XML entity with public id [null] and system id [http://www.springframework.org/schema/tx/spring-tx-3.0.xsd]
2015-06-20 21:16:37,821 DEBUG org.springframework.beans.factory.xml.PluggableSchemaResolver ~ Found XML schema [http://www.springframework.org/schema/tx/spring-tx-3.0.xsd] in classpath: org/springframework/transaction/config/spring-tx-3.0.xsd
2015-06-20 21:16:37,840 DEBUG org.springframework.beans.factory.xml.DefaultBeanDefinitionDocumentReader ~ Loading bean definitions
2015-06-20 21:16:37,857 DEBUG org.springframework.beans.factory.xml.DefaultNamespaceHandlerResolver ~ Loaded NamespaceHandler mappings: {http://www.springframework.org/schema/p=org.springframework.beans.factory.xml.SimplePropertyNamespaceHandler, http://www.springframework.org/schema/util=org.springframework.beans.factory.xml.UtilNamespaceHandler, http://www.springframework.org/schema/jee=org.springframework.ejb.config.JeeNamespaceHandler, http://www.springframework.org/schema/aop=org.springframework.aop.config.AopNamespaceHandler, http://www.springframework.org/schema/jdbc=org.springframework.jdbc.config.JdbcNamespaceHandler, http://www.springframework.org/schema/cache=org.springframework.cache.config.CacheNamespaceHandler, http://www.springframework.org/schema/c=org.springframework.beans.factory.xml.SimpleConstructorNamespaceHandler, http://www.springframework.org/schema/tx=org.springframework.transaction.config.TxNamespaceHandler, http://www.springframework.org/schema/task=org.springframework.scheduling.config.TaskNamespaceHandler, http://www.springframework.org/schema/lang=org.springframework.scripting.config.LangNamespaceHandler, http://www.springframework.org/schema/context=org.springframework.context.config.ContextNamespaceHandler}
2015-06-20 21:16:37,872 DEBUG org.springframework.core.env.StandardEnvironment ~ Adding [systemProperties] PropertySource with lowest search precedence
2015-06-20 21:16:37,872 DEBUG org.springframework.core.env.StandardEnvironment ~ Adding [systemEnvironment] PropertySource with lowest search precedence
2015-06-20 21:16:37,872 DEBUG org.springframework.core.env.StandardEnvironment ~ Initialized StandardEnvironment with PropertySources [systemProperties,systemEnvironment]
2015-06-20 21:16:37,896 DEBUG org.springframework.core.io.support.PathMatchingResourcePatternResolver ~ Looking for matching resources in directory tree [/Users/Sunny/IdeaProjects/Hibernate/target/classes/Evan]
2015-06-20 21:16:37,896 DEBUG org.springframework.core.io.support.PathMatchingResourcePatternResolver ~ Searching directory [/Users/Sunny/IdeaProjects/Hibernate/target/classes/Evan] for files matching pattern [/Users/Sunny/IdeaProjects/Hibernate/target/classes/Evan/**/*.class]
2015-06-20 21:16:37,901 DEBUG org.springframework.core.io.support.PathMatchingResourcePatternResolver ~ Searching directory [/Users/Sunny/IdeaProjects/Hibernate/target/classes/Evan/models] for files matching pattern [/Users/Sunny/IdeaProjects/Hibernate/target/classes/Evan/**/*.class]
2015-06-20 21:16:37,904 DEBUG org.springframework.core.io.support.PathMatchingResourcePatternResolver ~ Resolved location pattern [classpath*:Evan/**/*.class] to resources [file [/Users/Sunny/IdeaProjects/Hibernate/target/classes/Evan/JavaData.class], file [/Users/Sunny/IdeaProjects/Hibernate/target/classes/Evan/models/Stop.class], file [/Users/Sunny/IdeaProjects/Hibernate/target/classes/Evan/models/StopTime.class], file [/Users/Sunny/IdeaProjects/Hibernate/target/classes/Evan/SQLiteJDBC.class]]
2015-06-20 21:16:37,904 TRACE org.springframework.context.annotation.ClassPathBeanDefinitionScanner ~ Scanning file [/Users/Sunny/IdeaProjects/Hibernate/target/classes/Evan/JavaData.class]
2015-06-20 21:16:37,951 DEBUG org.springframework.context.annotation.ClassPathBeanDefinitionScanner ~ Identified candidate component class: file [/Users/Sunny/IdeaProjects/Hibernate/target/classes/Evan/JavaData.class]
2015-06-20 21:16:37,951 TRACE org.springframework.context.annotation.ClassPathBeanDefinitionScanner ~ Scanning file [/Users/Sunny/IdeaProjects/Hibernate/target/classes/Evan/models/Stop.class]
2015-06-20 21:16:37,954 TRACE org.springframework.context.annotation.ClassPathBeanDefinitionScanner ~ Ignored because not matching any filter: file [/Users/Sunny/IdeaProjects/Hibernate/target/classes/Evan/models/Stop.class]
2015-06-20 21:16:37,954 TRACE org.springframework.context.annotation.ClassPathBeanDefinitionScanner ~ Scanning file [/Users/Sunny/IdeaProjects/Hibernate/target/classes/Evan/models/StopTime.class]
2015-06-20 21:16:37,955 TRACE org.springframework.context.annotation.ClassPathBeanDefinitionScanner ~ Ignored because not matching any filter: file [/Users/Sunny/IdeaProjects/Hibernate/target/classes/Evan/models/StopTime.class]
2015-06-20 21:16:37,955 TRACE org.springframework.context.annotation.ClassPathBeanDefinitionScanner ~ Scanning file [/Users/Sunny/IdeaProjects/Hibernate/target/classes/Evan/SQLiteJDBC.class]
2015-06-20 21:16:37,958 DEBUG org.springframework.context.annotation.ClassPathBeanDefinitionScanner ~ Identified candidate component class: file [/Users/Sunny/IdeaProjects/Hibernate/target/classes/Evan/SQLiteJDBC.class]
2015-06-20 21:16:38,030 DEBUG org.springframework.beans.factory.xml.XmlBeanDefinitionReader ~ Loaded 14 bean definitions from location pattern [application-context.xml]
2015-06-20 21:16:38,030 DEBUG org.springframework.context.support.ClassPathXmlApplicationContext ~ Bean factory for org.springframework.context.support.ClassPathXmlApplicationContext@41a4555e: org.springframework.beans.factory.support.DefaultListableBeanFactory@69a3d1d: defining beans [javaData,SQLiteJDBC,org.springframework.context.annotation.internalConfigurationAnnotationProcessor,org.springframework.context.annotation.internalAutowiredAnnotationProcessor,org.springframework.context.annotation.internalRequiredAnnotationProcessor,org.springframework.context.annotation.internalCommonAnnotationProcessor,org.springframework.context.annotation.internalPersistenceAnnotationProcessor,org.springframework.aop.config.internalAutoProxyCreator,org.springframework.transaction.annotation.AnnotationTransactionAttributeSource#0,org.springframework.transaction.interceptor.TransactionInterceptor#0,org.springframework.transaction.config.internalTransactionAdvisor,sessionFactory,transactionManager,dataSource]; root of factory hierarchy
2015-06-20 21:16:38,059 DEBUG org.springframework.beans.factory.support.DefaultListableBeanFactory ~ Creating shared instance of singleton bean 'org.springframework.context.annotation.internalConfigurationAnnotationProcessor'
2015-06-20 21:16:38,059 DEBUG org.springframework.beans.factory.support.DefaultListableBeanFactory ~ Creating instance of bean 'org.springframework.context.annotation.internalConfigurationAnnotationProcessor'
2015-06-20 21:16:38,080 DEBUG org.springframework.beans.factory.support.DefaultListableBeanFactory ~ Eagerly caching bean 'org.springframework.context.annotation.internalConfigurationAnnotationProcessor' to allow for resolving potential circular references
2015-06-20 21:16:38,082 DEBUG org.springframework.beans.factory.support.DefaultListableBeanFactory ~ Finished creating instance of bean 'org.springframework.context.annotation.internalConfigurationAnnotationProcessor'
2015-06-20 21:16:38,166 DEBUG org.springframework.beans.factory.support.DefaultListableBeanFactory ~ Creating shared instance of singleton bean 'org.springframework.context.annotation.internalAutowiredAnnotationProcessor'
2015-06-20 21:16:38,166 DEBUG org.springframework.beans.factory.support.DefaultListableBeanFactory ~ Creating instance of bean 'org.springframework.context.annotation.internalAutowiredAnnotationProcessor'
2015-06-20 21:16:38,167 DEBUG org.springframework.beans.factory.support.DefaultListableBeanFactory ~ Eagerly caching bean 'org.springframework.context.annotation.internalAutowiredAnnotationProcessor' to allow for resolving potential circular references
2015-06-20 21:16:38,167 DEBUG org.springframework.beans.factory.support.DefaultListableBeanFactory ~ Finished creating instance of bean 'org.springframework.context.annotation.internalAutowiredAnnotationProcessor'
2015-06-20 21:16:38,168 DEBUG org.springframework.beans.factory.support.DefaultListableBeanFactory ~ Creating shared instance of singleton bean 'org.springframework.context.annotation.internalRequiredAnnotationProcessor'
2015-06-20 21:16:38,168 DEBUG org.springframework.beans.factory.support.DefaultListableBeanFactory ~ Creating instance of bean 'org.springframework.context.annotation.internalRequiredAnnotationProcessor'
2015-06-20 21:16:38,168 DEBUG org.springframework.beans.factory.support.DefaultListableBeanFactory ~ Eagerly caching bean 'org.springframework.context.annotation.internalRequiredAnnotationProcessor' to allow for resolving potential circular references
2015-06-20 21:16:38,168 DEBUG org.springframework.beans.factory.support.DefaultListableBeanFactory ~ Finished creating instance of bean 'org.springframework.context.annotation.internalRequiredAnnotationProcessor'
2015-06-20 21:16:38,168 DEBUG org.springframework.beans.factory.support.DefaultListableBeanFactory ~ Creating shared instance of singleton bean 'org.springframework.context.annotation.internalCommonAnnotationProcessor'
2015-06-20 21:16:38,169 DEBUG org.springframework.beans.factory.support.DefaultListableBeanFactory ~ Creating instance of bean 'org.springframework.context.annotation.internalCommonAnnotationProcessor'
2015-06-20 21:16:38,172 DEBUG org.springframework.beans.factory.support.DefaultListableBeanFactory ~ Eagerly caching bean 'org.springframework.context.annotation.internalCommonAnnotationProcessor' to allow for resolving potential circular references
2015-06-20 21:16:38,173 DEBUG org.springframework.beans.factory.support.DefaultListableBeanFactory ~ Finished creating instance of bean 'org.springframework.context.annotation.internalCommonAnnotationProcessor'
2015-06-20 21:16:38,173 DEBUG org.springframework.beans.factory.support.DefaultListableBeanFactory ~ Creating shared instance of singleton bean 'org.springframework.context.annotation.internalPersistenceAnnotationProcessor'
2015-06-20 21:16:38,173 DEBUG org.springframework.beans.factory.support.DefaultListableBeanFactory ~ Creating instance of bean 'org.springframework.context.annotation.internalPersistenceAnnotationProcessor'
2015-06-20 21:16:38,174 DEBUG org.springframework.beans.factory.support.DefaultListableBeanFactory ~ Eagerly caching bean 'org.springframework.context.annotation.internalPersistenceAnnotationProcessor' to allow for resolving potential circular references
2015-06-20 21:16:38,174 DEBUG org.springframework.beans.factory.support.DefaultListableBeanFactory ~ Finished creating instance of bean 'org.springframework.context.annotation.internalPersistenceAnnotationProcessor'
2015-06-20 21:16:38,174 DEBUG org.springframework.beans.factory.support.DefaultListableBeanFactory ~ Creating shared instance of singleton bean 'org.springframework.context.annotation.ConfigurationClassPostProcessor.importAwareProcessor'
2015-06-20 21:16:38,174 DEBUG org.springframework.beans.factory.support.DefaultListableBeanFactory ~ Creating instance of bean 'org.springframework.context.annotation.ConfigurationClassPostProcessor.importAwareProcessor'
2015-06-20 21:16:38,174 DEBUG org.springframework.beans.factory.support.DefaultListableBeanFactory ~ Eagerly caching bean 'org.springframework.context.annotation.ConfigurationClassPostProcessor.importAwareProcessor' to allow for resolving potential circular references
2015-06-20 21:16:38,174 DEBUG org.springframework.beans.factory.support.DefaultListableBeanFactory ~ Finished creating instance of bean 'org.springframework.context.annotation.ConfigurationClassPostProcessor.importAwareProcessor'
2015-06-20 21:16:38,174 DEBUG org.springframework.beans.factory.support.DefaultListableBeanFactory ~ Creating shared instance of singleton bean 'org.springframework.context.annotation.ConfigurationClassPostProcessor.enhancedConfigurationProcessor'
2015-06-20 21:16:38,174 DEBUG org.springframework.beans.factory.support.DefaultListableBeanFactory ~ Creating instance of bean 'org.springframework.context.annotation.ConfigurationClassPostProcessor.enhancedConfigurationProcessor'
2015-06-20 21:16:38,174 DEBUG org.springframework.beans.factory.support.DefaultListableBeanFactory ~ Eagerly caching bean 'org.springframework.context.annotation.ConfigurationClassPostProcessor.enhancedConfigurationProcessor' to allow for resolving potential circular references
2015-06-20 21:16:38,174 DEBUG org.springframework.beans.factory.support.DefaultListableBeanFactory ~ Finished creating instance of bean 'org.springframework.context.annotation.ConfigurationClassPostProcessor.enhancedConfigurationProcessor'
2015-06-20 21:16:38,175 DEBUG org.springframework.beans.factory.support.DefaultListableBeanFactory ~ Creating shared instance of singleton bean 'org.springframework.aop.config.internalAutoProxyCreator'
2015-06-20 21:16:38,175 DEBUG org.springframework.beans.factory.support.DefaultListableBeanFactory ~ Creating instance of bean 'org.springframework.aop.config.internalAutoProxyCreator'
2015-06-20 21:16:38,184 DEBUG org.springframework.beans.factory.support.DefaultListableBeanFactory ~ Eagerly caching bean 'org.springframework.aop.config.internalAutoProxyCreator' to allow for resolving potential circular references
2015-06-20 21:16:38,187 TRACE org.springframework.core.io.support.SpringFactoriesLoader ~ Loaded [org.springframework.beans.BeanInfoFactory] names: [org.springframework.beans.ExtendedBeanInfoFactory]
2015-06-20 21:16:38,187 TRACE org.springframework.beans.CachedIntrospectionResults ~ Getting BeanInfo for class [org.springframework.aop.framework.autoproxy.InfrastructureAdvisorAutoProxyCreator]
2015-06-20 21:16:38,195 TRACE org.springframework.beans.CachedIntrospectionResults ~ Caching PropertyDescriptors for class [org.springframework.aop.framework.autoproxy.InfrastructureAdvisorAutoProxyCreator]
2015-06-20 21:16:38,195 TRACE org.springframework.beans.CachedIntrospectionResults ~ Found bean property 'advisorAdapterRegistry' of type [org.springframework.aop.framework.adapter.AdvisorAdapterRegistry]
2015-06-20 21:16:38,195 TRACE org.springframework.beans.CachedIntrospectionResults ~ Found bean property 'applyCommonInterceptorsFirst' of type [boolean]
2015-06-20 21:16:38,196 TRACE org.springframework.beans.CachedIntrospectionResults ~ Found bean property 'beanClassLoader' of type [java.lang.ClassLoader]
2015-06-20 21:16:38,196 TRACE org.springframework.beans.CachedIntrospectionResults ~ Found bean property 'beanFactory' of type [org.springframework.beans.factory.BeanFactory]
2015-06-20 21:16:38,196 TRACE org.springframework.beans.CachedIntrospectionResults ~ Found bean property 'class' of type [java.lang.Class]
2015-06-20 21:16:38,196 TRACE org.springframework.beans.CachedIntrospectionResults ~ Found bean property 'customTargetSourceCreators' of type [[Lorg.springframework.aop.framework.autoproxy.TargetSourceCreator;]
2015-06-20 21:16:38,196 TRACE org.springframework.beans.CachedIntrospectionResults ~ Found bean property 'exposeProxy' of type [boolean]
2015-06-20 21:16:38,196 TRACE org.springframework.beans.CachedIntrospectionResults ~ Found bean property 'frozen' of type [boolean]
2015-06-20 21:16:38,196 TRACE org.springframework.beans.CachedIntrospectionResults ~ Found bean property 'interceptorNames' of type [[Ljava.lang.String;]
2015-06-20 21:16:38,196 TRACE org.springframework.beans.CachedIntrospectionResults ~ Found bean property 'opaque' of type [boolean]
2015-06-20 21:16:38,196 TRACE org.springframework.beans.CachedIntrospectionResults ~ Found bean property 'optimize' of type [boolean]
2015-06-20 21:16:38,196 TRACE org.springframework.beans.CachedIntrospectionResults ~ Found bean property 'order' of type [int]
2015-06-20 21:16:38,196 TRACE org.springframework.beans.CachedIntrospectionResults ~ Found bean property 'proxyClassLoader' of type [java.lang.ClassLoader]
2015-06-20 21:16:38,196 TRACE org.springframework.beans.CachedIntrospectionResults ~ Found bean property 'proxyTargetClass' of type [boolean]
2015-06-20 21:16:38,206 DEBUG org.springframework.beans.factory.support.DefaultListableBeanFactory ~ Finished creating instance of bean 'org.springframework.aop.config.internalAutoProxyCreator'
2015-06-20 21:16:38,208 DEBUG org.springframework.context.support.ClassPathXmlApplicationContext ~ Unable to locate MessageSource with name 'messageSource': using default [org.springframework.context.support.DelegatingMessageSource@4f9a3314]
2015-06-20 21:16:38,210 DEBUG org.springframework.context.support.ClassPathXmlApplicationContext ~ Unable to locate ApplicationEventMulticaster with name 'applicationEventMulticaster': using default [org.springframework.context.event.SimpleApplicationEventMulticaster@c8e4bb0]
2015-06-20 21:16:38,214 DEBUG org.springframework.beans.factory.support.DefaultListableBeanFactory ~ Pre-instantiating singletons in org.springframework.beans.factory.support.DefaultListableBeanFactory@69a3d1d: defining beans [javaData,SQLiteJDBC,org.springframework.context.annotation.internalConfigurationAnnotationProcessor,org.springframework.context.annotation.internalAutowiredAnnotationProcessor,org.springframework.context.annotation.internalRequiredAnnotationProcessor,org.springframework.context.annotation.internalCommonAnnotationProcessor,org.springframework.context.annotation.internalPersistenceAnnotationProcessor,org.springframework.aop.config.internalAutoProxyCreator,org.springframework.transaction.annotation.AnnotationTransactionAttributeSource#0,org.springframework.transaction.interceptor.TransactionInterceptor#0,org.springframework.transaction.config.internalTransactionAdvisor,sessionFactory,transactionManager,dataSource,org.springframework.context.annotation.ConfigurationClassPostProcessor.importAwareProcessor,org.springframework.context.annotation.ConfigurationClassPostProcessor.enhancedConfigurationProcessor]; root of factory hierarchy
2015-06-20 21:16:38,214 DEBUG org.springframework.beans.factory.support.DefaultListableBeanFactory ~ Creating shared instance of singleton bean 'javaData'
2015-06-20 21:16:38,214 DEBUG org.springframework.beans.factory.support.DefaultListableBeanFactory ~ Creating instance of bean 'javaData'
2015-06-20 21:16:38,218 DEBUG org.springframework.beans.factory.annotation.InjectionMetadata ~ Registered injected element on class [Evan.JavaData]: AutowiredFieldElement for public Evan.SQLiteJDBC Evan.JavaData.db
2015-06-20 21:16:38,218 DEBUG org.springframework.beans.factory.support.DefaultListableBeanFactory ~ Eagerly caching bean 'javaData' to allow for resolving potential circular references
2015-06-20 21:16:38,218 TRACE org.springframework.beans.CachedIntrospectionResults ~ Getting BeanInfo for class [Evan.JavaData]
2015-06-20 21:16:38,219 TRACE org.springframework.beans.CachedIntrospectionResults ~ Caching PropertyDescriptors for class [Evan.JavaData]
2015-06-20 21:16:38,219 TRACE org.springframework.beans.CachedIntrospectionResults ~ Found bean property 'class' of type [java.lang.Class]
2015-06-20 21:16:38,219 DEBUG org.springframework.beans.factory.annotation.InjectionMetadata ~ Processing injected method of bean 'javaData': AutowiredFieldElement for public Evan.SQLiteJDBC Evan.JavaData.db
2015-06-20 21:16:38,238 DEBUG org.springframework.beans.factory.support.DefaultListableBeanFactory ~ Creating shared instance of singleton bean 'SQLiteJDBC'
2015-06-20 21:16:38,238 DEBUG org.springframework.beans.factory.support.DefaultListableBeanFactory ~ Creating instance of bean 'SQLiteJDBC'
2015-06-20 21:16:38,239 DEBUG org.springframework.beans.factory.annotation.InjectionMetadata ~ Registered injected element on class [Evan.SQLiteJDBC]: AutowiredFieldElement for private org.hibernate.SessionFactory Evan.SQLiteJDBC.sessionFactoryBean
2015-06-20 21:16:38,239 DEBUG org.springframework.beans.factory.support.DefaultListableBeanFactory ~ Eagerly caching bean 'SQLiteJDBC' to allow for resolving potential circular references
2015-06-20 21:16:38,239 TRACE org.springframework.beans.CachedIntrospectionResults ~ Getting BeanInfo for class [Evan.SQLiteJDBC]
2015-06-20 21:16:38,240 TRACE org.springframework.beans.CachedIntrospectionResults ~ Caching PropertyDescriptors for class [Evan.SQLiteJDBC]
2015-06-20 21:16:38,240 TRACE org.springframework.beans.CachedIntrospectionResults ~ Found bean property 'class' of type [java.lang.Class]
2015-06-20 21:16:38,241 DEBUG org.springframework.beans.factory.annotation.InjectionMetadata ~ Processing injected method of bean 'SQLiteJDBC': AutowiredFieldElement for private org.hibernate.SessionFactory Evan.SQLiteJDBC.sessionFactoryBean
2015-06-20 21:16:38,241 DEBUG org.springframework.beans.factory.support.DefaultListableBeanFactory ~ Creating shared instance of singleton bean 'sessionFactory'
2015-06-20 21:16:38,241 DEBUG org.springframework.beans.factory.support.DefaultListableBeanFactory ~ Creating instance of bean 'sessionFactory'
2015-06-20 21:16:38,244 DEBUG org.springframework.beans.factory.support.DefaultListableBeanFactory ~ Eagerly caching bean 'sessionFactory' to allow for resolving potential circular references
2015-06-20 21:16:38,244 TRACE org.springframework.beans.CachedIntrospectionResults ~ Getting BeanInfo for class [org.springframework.orm.hibernate4.LocalSessionFactoryBean]
2015-06-20 21:16:38,249 TRACE org.springframework.beans.CachedIntrospectionResults ~ Caching PropertyDescriptors for class [org.springframework.orm.hibernate4.LocalSessionFactoryBean]
2015-06-20 21:16:38,249 TRACE org.springframework.beans.CachedIntrospectionResults ~ Found bean property 'annotatedClasses' of type [[Ljava.lang.Class;]
2015-06-20 21:16:38,249 TRACE org.springframework.beans.CachedIntrospectionResults ~ Found bean property 'annotatedPackages' of type [[Ljava.lang.String;]
2015-06-20 21:16:38,249 TRACE org.springframework.beans.CachedIntrospectionResults ~ Found bean property 'cacheRegionFactory' of type [org.hibernate.cache.spi.RegionFactory]
2015-06-20 21:16:38,249 TRACE org.springframework.beans.CachedIntrospectionResults ~ Found bean property 'cacheableMappingLocations' of type [[Lorg.springframework.core.io.Resource;]
2015-06-20 21:16:38,249 TRACE org.springframework.beans.CachedIntrospectionResults ~ Found bean property 'class' of type [java.lang.Class]
2015-06-20 21:16:38,249 TRACE org.springframework.beans.CachedIntrospectionResults ~ Found bean property 'configLocation' of type [org.springframework.core.io.Resource]
2015-06-20 21:16:38,249 TRACE org.springframework.beans.CachedIntrospectionResults ~ Found bean property 'configLocations' of type [[Lorg.springframework.core.io.Resource;]
2015-06-20 21:16:38,249 TRACE org.springframework.beans.CachedIntrospectionResults ~ Found bean property 'configuration' of type [org.hibernate.cfg.Configuration]
2015-06-20 21:16:38,249 TRACE org.springframework.beans.CachedIntrospectionResults ~ Found bean property 'currentTenantIdentifierResolver' of type [java.lang.Object]
2015-06-20 21:16:38,249 TRACE org.springframework.beans.CachedIntrospectionResults ~ Found bean property 'dataSource' of type [javax.sql.DataSource]
2015-06-20 21:16:38,249 TRACE org.springframework.beans.CachedIntrospectionResults ~ Found bean property 'entityInterceptor' of type [org.hibernate.Interceptor]
2015-06-20 21:16:38,249 TRACE org.springframework.beans.CachedIntrospectionResults ~ Found bean property 'hibernateProperties' of type [java.util.Properties]
2015-06-20 21:16:38,249 TRACE org.springframework.beans.CachedIntrospectionResults ~ Found bean property 'jtaTransactionManager' of type [java.lang.Object]
2015-06-20 21:16:38,249 TRACE org.springframework.beans.CachedIntrospectionResults ~ Found bean property 'mappingDirectoryLocations' of type [[Lorg.springframework.core.io.Resource;]
2015-06-20 21:16:38,249 TRACE org.springframework.beans.CachedIntrospectionResults ~ Found bean property 'mappingJarLocations' of type [[Lorg.springframework.core.io.Resource;]
2015-06-20 21:16:38,249 TRACE org.springframework.beans.CachedIntrospectionResults ~ Found bean property 'mappingLocations' of type [[Lorg.springframework.core.io.Resource;]
2015-06-20 21:16:38,250 TRACE org.springframework.beans.CachedIntrospectionResults ~ Found bean property 'mappingResources' of type [[Ljava.lang.String;]
2015-06-20 21:16:38,250 TRACE org.springframework.beans.CachedIntrospectionResults ~ Found bean property 'multiTenantConnectionProvider' of type [java.lang.Object]
2015-06-20 21:16:38,250 TRACE org.springframework.beans.CachedIntrospectionResults ~ Found bean property 'namingStrategy' of type [org.hibernate.cfg.NamingStrategy]
2015-06-20 21:16:38,250 TRACE org.springframework.beans.CachedIntrospectionResults ~ Found bean property 'object' of type [org.hibernate.SessionFactory]
2015-06-20 21:16:38,250 TRACE org.springframework.beans.CachedIntrospectionResults ~ Found bean property 'objectType' of type [java.lang.Class]
2015-06-20 21:16:38,250 TRACE org.springframework.beans.CachedIntrospectionResults ~ Found bean property 'packagesToScan' of type [[Ljava.lang.String;]
2015-06-20 21:16:38,250 TRACE org.springframework.beans.CachedIntrospectionResults ~ Found bean property 'resourceLoader' of type [org.springframework.core.io.ResourceLoader]
2015-06-20 21:16:38,250 TRACE org.springframework.beans.CachedIntrospectionResults ~ Found bean property 'singleton' of type [boolean]
2015-06-20 21:16:38,266 DEBUG org.springframework.beans.factory.support.DefaultListableBeanFactory ~ Creating shared instance of singleton bean 'dataSource'
2015-06-20 21:16:38,266 DEBUG org.springframework.beans.factory.support.DefaultListableBeanFactory ~ Creating instance of bean 'dataSource'
2015-06-20 21:16:38,267 DEBUG org.springframework.beans.factory.support.DefaultListableBeanFactory ~ Eagerly caching bean 'dataSource' to allow for resolving potential circular references
2015-06-20 21:16:38,267 TRACE org.springframework.beans.CachedIntrospectionResults ~ Getting BeanInfo for class [org.springframework.jdbc.datasource.DriverManagerDataSource]
2015-06-20 21:16:38,271 TRACE org.springframework.beans.CachedIntrospectionResults ~ Caching PropertyDescriptors for class [org.springframework.jdbc.datasource.DriverManagerDataSource]
2015-06-20 21:16:38,271 TRACE org.springframework.beans.CachedIntrospectionResults ~ Found bean property 'class' of type [java.lang.Class]
2015-06-20 21:16:38,271 TRACE org.springframework.beans.CachedIntrospectionResults ~ Found bean property 'connection' of type [java.sql.Connection]
2015-06-20 21:16:38,271 TRACE org.springframework.beans.CachedIntrospectionResults ~ Found bean property 'connectionProperties' of type [java.util.Properties]
2015-06-20 21:16:38,271 TRACE org.springframework.beans.CachedIntrospectionResults ~ Found bean property 'driverClassName' of type [java.lang.String]
2015-06-20 21:16:38,271 TRACE org.springframework.beans.CachedIntrospectionResults ~ Found bean property 'logWriter' of type [java.io.PrintWriter]
2015-06-20 21:16:38,271 TRACE org.springframework.beans.CachedIntrospectionResults ~ Found bean property 'loginTimeout' of type [int]
2015-06-20 21:16:38,272 TRACE org.springframework.beans.CachedIntrospectionResults ~ Found bean property 'parentLogger' of type [java.util.logging.Logger]
2015-06-20 21:16:38,272 TRACE org.springframework.beans.CachedIntrospectionResults ~ Found bean property 'password' of type [java.lang.String]
2015-06-20 21:16:38,272 TRACE org.springframework.beans.CachedIntrospectionResults ~ Found bean property 'url' of type [java.lang.String]
2015-06-20 21:16:38,272 TRACE org.springframework.beans.CachedIntrospectionResults ~ Found bean property 'username' of type [java.lang.String]
2015-06-20 21:16:38,275 INFO  org.springframework.jdbc.datasource.DriverManagerDataSource ~ Loaded JDBC driver: org.sqlite.JDBC
2015-06-20 21:16:38,276 DEBUG org.springframework.beans.factory.support.DefaultListableBeanFactory ~ Creating shared instance of singleton bean 'org.springframework.transaction.config.internalTransactionAdvisor'
2015-06-20 21:16:38,276 DEBUG org.springframework.beans.factory.support.DefaultListableBeanFactory ~ Creating instance of bean 'org.springframework.transaction.config.internalTransactionAdvisor'
2015-06-20 21:16:38,276 TRACE org.springframework.aop.framework.autoproxy.InfrastructureAdvisorAutoProxyCreator ~ Did not attempt to auto-proxy infrastructure class [org.springframework.transaction.interceptor.BeanFactoryTransactionAttributeSourceAdvisor]
2015-06-20 21:16:38,277 DEBUG org.springframework.beans.factory.support.DefaultListableBeanFactory ~ Eagerly caching bean 'org.springframework.transaction.config.internalTransactionAdvisor' to allow for resolving potential circular references
2015-06-20 21:16:38,278 TRACE org.springframework.beans.CachedIntrospectionResults ~ Getting BeanInfo for class [org.springframework.transaction.interceptor.BeanFactoryTransactionAttributeSourceAdvisor]
2015-06-20 21:16:38,280 TRACE org.springframework.beans.CachedIntrospectionResults ~ Caching PropertyDescriptors for class [org.springframework.transaction.interceptor.BeanFactoryTransactionAttributeSourceAdvisor]
2015-06-20 21:16:38,281 TRACE org.springframework.beans.CachedIntrospectionResults ~ Found bean property 'advice' of type [org.aopalliance.aop.Advice]
2015-06-20 21:16:38,281 TRACE org.springframework.beans.CachedIntrospectionResults ~ Found bean property 'adviceBeanName' of type [java.lang.String]
2015-06-20 21:16:38,281 TRACE org.springframework.beans.CachedIntrospectionResults ~ Found bean property 'beanFactory' of type [org.springframework.beans.factory.BeanFactory]
2015-06-20 21:16:38,281 TRACE org.springframework.beans.CachedIntrospectionResults ~ Found bean property 'class' of type [java.lang.Class]
2015-06-20 21:16:38,281 TRACE org.springframework.beans.CachedIntrospectionResults ~ Found bean property 'classFilter' of type [org.springframework.aop.ClassFilter]
2015-06-20 21:16:38,281 TRACE org.springframework.beans.CachedIntrospectionResults ~ Found bean property 'order' of type [int]
2015-06-20 21:16:38,281 TRACE org.springframework.beans.CachedIntrospectionResults ~ Found bean property 'perInstance' of type [boolean]
2015-06-20 21:16:38,281 TRACE org.springframework.beans.CachedIntrospectionResults ~ Found bean property 'pointcut' of type [org.springframework.aop.Pointcut]
2015-06-20 21:16:38,281 TRACE org.springframework.beans.CachedIntrospectionResults ~ Found bean property 'transactionAttributeSource' of type [org.springframework.transaction.interceptor.TransactionAttributeSource]
2015-06-20 21:16:38,282 DEBUG org.springframework.beans.factory.support.DefaultListableBeanFactory ~ Creating shared instance of singleton bean 'org.springframework.transaction.annotation.AnnotationTransactionAttributeSource#0'
2015-06-20 21:16:38,282 DEBUG org.springframework.beans.factory.support.DefaultListableBeanFactory ~ Creating instance of bean 'org.springframework.transaction.annotation.AnnotationTransactionAttributeSource#0'
2015-06-20 21:16:38,286 DEBUG org.springframework.beans.factory.support.DefaultListableBeanFactory ~ Eagerly caching bean 'org.springframework.transaction.annotation.AnnotationTransactionAttributeSource#0' to allow for resolving potential circular references
2015-06-20 21:16:38,286 TRACE org.springframework.beans.CachedIntrospectionResults ~ Getting BeanInfo for class [org.springframework.transaction.annotation.AnnotationTransactionAttributeSource]
2015-06-20 21:16:38,292 TRACE org.springframework.beans.CachedIntrospectionResults ~ Caching PropertyDescriptors for class [org.springframework.transaction.annotation.AnnotationTransactionAttributeSource]
2015-06-20 21:16:38,292 TRACE org.springframework.beans.CachedIntrospectionResults ~ Found bean property 'class' of type [java.lang.Class]
2015-06-20 21:16:38,293 DEBUG org.springframework.aop.framework.autoproxy.BeanFactoryAdvisorRetrievalHelper ~ Skipping currently created advisor 'org.springframework.transaction.config.internalTransactionAdvisor'
2015-06-20 21:16:38,294 DEBUG org.springframework.beans.factory.support.DefaultListableBeanFactory ~ Finished creating instance of bean 'org.springframework.transaction.annotation.AnnotationTransactionAttributeSource#0'
2015-06-20 21:16:38,295 DEBUG org.springframework.beans.factory.support.DefaultListableBeanFactory ~ Finished creating instance of bean 'org.springframework.transaction.config.internalTransactionAdvisor'
2015-06-20 21:16:38,297 DEBUG org.springframework.beans.factory.support.DefaultListableBeanFactory ~ Finished creating instance of bean 'dataSource'
2015-06-20 21:16:38,298 TRACE org.springframework.beans.TypeConverterDelegate ~ Converting String to [class java.lang.Class] using property editor [org.springframework.beans.propertyeditors.ClassEditor@7fc229ab]
2015-06-20 21:16:38,299 TRACE org.springframework.beans.TypeConverterDelegate ~ Converting String to [class java.lang.Class] using property editor [org.springframework.beans.propertyeditors.ClassEditor@7fc229ab]
2015-06-20 21:16:38,305 DEBUG org.springframework.beans.factory.support.DefaultListableBeanFactory ~ Invoking afterPropertiesSet() on bean with name 'sessionFactory'
2015-06-20 21:16:38,606 DEBUG org.springframework.jdbc.datasource.DriverManagerDataSource ~ Creating new JDBC DriverManager Connection to [jdbc:sqlite:/Users/Sunny/IdeaProjects/Hibernate/src/main/resources/metrolink.db]
2015-06-20 21:16:38,948 DEBUG org.springframework.beans.factory.support.DefaultListableBeanFactory ~ Returning cached instance of singleton bean 'org.springframework.transaction.config.internalTransactionAdvisor'
2015-06-20 21:16:38,949 DEBUG org.springframework.beans.factory.support.DefaultListableBeanFactory ~ Finished creating instance of bean 'sessionFactory'
2015-06-20 21:16:38,949 DEBUG org.springframework.beans.factory.support.DefaultListableBeanFactory ~ Returning cached instance of singleton bean 'org.springframework.transaction.config.internalTransactionAdvisor'
2015-06-20 21:16:38,956 DEBUG org.springframework.beans.factory.annotation.AutowiredAnnotationBeanPostProcessor ~ Autowiring by type from bean name 'SQLiteJDBC' to bean named 'sessionFactory'
2015-06-20 21:16:38,956 DEBUG org.springframework.beans.factory.support.DefaultListableBeanFactory ~ Returning cached instance of singleton bean 'org.springframework.transaction.config.internalTransactionAdvisor'
2015-06-20 21:16:38,958 DEBUG org.springframework.beans.factory.support.DefaultListableBeanFactory ~ Finished creating instance of bean 'SQLiteJDBC'
2015-06-20 21:16:38,958 DEBUG org.springframework.beans.factory.annotation.AutowiredAnnotationBeanPostProcessor ~ Autowiring by type from bean name 'javaData' to bean named 'SQLiteJDBC'
2015-06-20 21:16:38,958 DEBUG org.springframework.beans.factory.support.DefaultListableBeanFactory ~ Returning cached instance of singleton bean 'org.springframework.transaction.config.internalTransactionAdvisor'
2015-06-20 21:16:38,958 DEBUG org.springframework.beans.factory.support.DefaultListableBeanFactory ~ Finished creating instance of bean 'javaData'
2015-06-20 21:16:38,958 DEBUG org.springframework.beans.factory.support.DefaultListableBeanFactory ~ Returning cached instance of singleton bean 'SQLiteJDBC'
2015-06-20 21:16:38,958 DEBUG org.springframework.beans.factory.support.DefaultListableBeanFactory ~ Returning cached instance of singleton bean 'org.springframework.context.annotation.internalConfigurationAnnotationProcessor'
2015-06-20 21:16:38,958 DEBUG org.springframework.beans.factory.support.DefaultListableBeanFactory ~ Returning cached instance of singleton bean 'org.springframework.context.annotation.internalAutowiredAnnotationProcessor'
2015-06-20 21:16:38,958 DEBUG org.springframework.beans.factory.support.DefaultListableBeanFactory ~ Returning cached instance of singleton bean 'org.springframework.context.annotation.internalRequiredAnnotationProcessor'
2015-06-20 21:16:38,958 DEBUG org.springframework.beans.factory.support.DefaultListableBeanFactory ~ Returning cached instance of singleton bean 'org.springframework.context.annotation.internalCommonAnnotationProcessor'
2015-06-20 21:16:38,959 DEBUG org.springframework.beans.factory.support.DefaultListableBeanFactory ~ Returning cached instance of singleton bean 'org.springframework.context.annotation.internalPersistenceAnnotationProcessor'
2015-06-20 21:16:38,959 DEBUG org.springframework.beans.factory.support.DefaultListableBeanFactory ~ Returning cached instance of singleton bean 'org.springframework.aop.config.internalAutoProxyCreator'
2015-06-20 21:16:38,959 DEBUG org.springframework.beans.factory.support.DefaultListableBeanFactory ~ Returning cached instance of singleton bean 'org.springframework.transaction.annotation.AnnotationTransactionAttributeSource#0'
2015-06-20 21:16:38,959 DEBUG org.springframework.beans.factory.support.DefaultListableBeanFactory ~ Creating shared instance of singleton bean 'org.springframework.transaction.interceptor.TransactionInterceptor#0'
2015-06-20 21:16:38,959 DEBUG org.springframework.beans.factory.support.DefaultListableBeanFactory ~ Creating instance of bean 'org.springframework.transaction.interceptor.TransactionInterceptor#0'
2015-06-20 21:16:38,959 TRACE org.springframework.aop.framework.autoproxy.InfrastructureAdvisorAutoProxyCreator ~ Did not attempt to auto-proxy infrastructure class [org.springframework.transaction.interceptor.TransactionInterceptor]
2015-06-20 21:16:38,961 DEBUG org.springframework.beans.factory.support.DefaultListableBeanFactory ~ Eagerly caching bean 'org.springframework.transaction.interceptor.TransactionInterceptor#0' to allow for resolving potential circular references
2015-06-20 21:16:38,961 TRACE org.springframework.beans.CachedIntrospectionResults ~ Getting BeanInfo for class [org.springframework.transaction.interceptor.TransactionInterceptor]
2015-06-20 21:16:38,963 TRACE org.springframework.beans.CachedIntrospectionResults ~ Caching PropertyDescriptors for class [org.springframework.transaction.interceptor.TransactionInterceptor]
2015-06-20 21:16:38,963 TRACE org.springframework.beans.CachedIntrospectionResults ~ Found bean property 'beanFactory' of type [org.springframework.beans.factory.BeanFactory]
2015-06-20 21:16:38,963 TRACE org.springframework.beans.CachedIntrospectionResults ~ Found bean property 'class' of type [java.lang.Class]
2015-06-20 21:16:38,963 TRACE org.springframework.beans.CachedIntrospectionResults ~ Found bean property 'transactionAttributeSource' of type [org.springframework.transaction.interceptor.TransactionAttributeSource]
2015-06-20 21:16:38,963 TRACE org.springframework.beans.CachedIntrospectionResults ~ Found bean property 'transactionAttributeSources' of type [[Lorg.springframework.transaction.interceptor.TransactionAttributeSource;]
2015-06-20 21:16:38,963 TRACE org.springframework.beans.CachedIntrospectionResults ~ Found bean property 'transactionAttributes' of type [java.util.Properties]
2015-06-20 21:16:38,963 TRACE org.springframework.beans.CachedIntrospectionResults ~ Found bean property 'transactionManager' of type [org.springframework.transaction.PlatformTransactionManager]
2015-06-20 21:16:38,963 TRACE org.springframework.beans.CachedIntrospectionResults ~ Found bean property 'transactionManagerBeanName' of type [java.lang.String]
2015-06-20 21:16:38,964 DEBUG org.springframework.beans.factory.support.DefaultListableBeanFactory ~ Returning cached instance of singleton bean 'org.springframework.transaction.annotation.AnnotationTransactionAttributeSource#0'
2015-06-20 21:16:38,964 DEBUG org.springframework.beans.factory.support.DefaultListableBeanFactory ~ Invoking afterPropertiesSet() on bean with name 'org.springframework.transaction.interceptor.TransactionInterceptor#0'
2015-06-20 21:16:38,964 DEBUG org.springframework.beans.factory.support.DefaultListableBeanFactory ~ Finished creating instance of bean 'org.springframework.transaction.interceptor.TransactionInterceptor#0'
2015-06-20 21:16:38,964 DEBUG org.springframework.beans.factory.support.DefaultListableBeanFactory ~ Returning cached instance of singleton bean 'org.springframework.transaction.config.internalTransactionAdvisor'
2015-06-20 21:16:38,965 DEBUG org.springframework.beans.factory.support.DefaultListableBeanFactory ~ Returning cached instance of singleton bean 'sessionFactory'
2015-06-20 21:16:38,965 DEBUG org.springframework.beans.factory.support.DefaultListableBeanFactory ~ Creating shared instance of singleton bean 'transactionManager'
2015-06-20 21:16:38,965 DEBUG org.springframework.beans.factory.support.DefaultListableBeanFactory ~ Creating instance of bean 'transactionManager'
2015-06-20 21:16:38,970 DEBUG org.springframework.beans.factory.support.DefaultListableBeanFactory ~ Eagerly caching bean 'transactionManager' to allow for resolving potential circular references
2015-06-20 21:16:38,970 TRACE org.springframework.beans.CachedIntrospectionResults ~ Getting BeanInfo for class [org.springframework.orm.hibernate4.HibernateTransactionManager]
2015-06-20 21:16:38,973 TRACE org.springframework.beans.CachedIntrospectionResults ~ Caching PropertyDescriptors for class [org.springframework.orm.hibernate4.HibernateTransactionManager]
2015-06-20 21:16:38,973 TRACE org.springframework.beans.CachedIntrospectionResults ~ Found bean property 'autodetectDataSource' of type [boolean]
2015-06-20 21:16:38,973 TRACE org.springframework.beans.CachedIntrospectionResults ~ Found bean property 'beanFactory' of type [org.springframework.beans.factory.BeanFactory]
2015-06-20 21:16:38,973 TRACE org.springframework.beans.CachedIntrospectionResults ~ Found bean property 'class' of type [java.lang.Class]
2015-06-20 21:16:38,973 TRACE org.springframework.beans.CachedIntrospectionResults ~ Found bean property 'dataSource' of type [javax.sql.DataSource]
2015-06-20 21:16:38,973 TRACE org.springframework.beans.CachedIntrospectionResults ~ Found bean property 'defaultTimeout' of type [int]
2015-06-20 21:16:38,973 TRACE org.springframework.beans.CachedIntrospectionResults ~ Found bean property 'entityInterceptor' of type [org.hibernate.Interceptor]
2015-06-20 21:16:38,973 TRACE org.springframework.beans.CachedIntrospectionResults ~ Found bean property 'entityInterceptorBeanName' of type [java.lang.String]
2015-06-20 21:16:38,973 TRACE org.springframework.beans.CachedIntrospectionResults ~ Found bean property 'failEarlyOnGlobalRollbackOnly' of type [boolean]
2015-06-20 21:16:38,973 TRACE org.springframework.beans.CachedIntrospectionResults ~ Found bean property 'globalRollbackOnParticipationFailure' of type [boolean]
2015-06-20 21:16:38,973 TRACE org.springframework.beans.CachedIntrospectionResults ~ Found bean property 'hibernateManagedSession' of type [boolean]
2015-06-20 21:16:38,973 TRACE org.springframework.beans.CachedIntrospectionResults ~ Found bean property 'nestedTransactionAllowed' of type [boolean]
2015-06-20 21:16:38,973 TRACE org.springframework.beans.CachedIntrospectionResults ~ Found bean property 'prepareConnection' of type [boolean]
2015-06-20 21:16:38,973 TRACE org.springframework.beans.CachedIntrospectionResults ~ Found bean property 'resourceFactory' of type [java.lang.Object]
2015-06-20 21:16:38,973 TRACE org.springframework.beans.CachedIntrospectionResults ~ Found bean property 'rollbackOnCommitFailure' of type [boolean]
2015-06-20 21:16:38,973 TRACE org.springframework.beans.CachedIntrospectionResults ~ Found bean property 'sessionFactory' of type [org.hibernate.SessionFactory]
2015-06-20 21:16:38,973 TRACE org.springframework.beans.CachedIntrospectionResults ~ Found bean property 'transactionSynchronization' of type [int]
2015-06-20 21:16:38,973 TRACE org.springframework.beans.CachedIntrospectionResults ~ Found bean property 'transactionSynchronizationName' of type [java.lang.String]
2015-06-20 21:16:38,973 TRACE org.springframework.beans.CachedIntrospectionResults ~ Found bean property 'validateExistingTransaction' of type [boolean]
2015-06-20 21:16:38,975 DEBUG org.springframework.beans.factory.support.DefaultListableBeanFactory ~ Returning cached instance of singleton bean 'sessionFactory'
2015-06-20 21:16:38,975 DEBUG org.springframework.beans.factory.support.DefaultListableBeanFactory ~ Invoking afterPropertiesSet() on bean with name 'transactionManager'
2015-06-20 21:16:38,980 DEBUG org.springframework.beans.factory.support.DefaultListableBeanFactory ~ Returning cached instance of singleton bean 'org.springframework.transaction.config.internalTransactionAdvisor'
2015-06-20 21:16:38,981 DEBUG org.springframework.beans.factory.support.DefaultListableBeanFactory ~ Finished creating instance of bean 'transactionManager'
2015-06-20 21:16:38,981 DEBUG org.springframework.beans.factory.support.DefaultListableBeanFactory ~ Returning cached instance of singleton bean 'dataSource'
2015-06-20 21:16:38,981 DEBUG org.springframework.beans.factory.support.DefaultListableBeanFactory ~ Returning cached instance of singleton bean 'org.springframework.context.annotation.ConfigurationClassPostProcessor.importAwareProcessor'
2015-06-20 21:16:38,981 DEBUG org.springframework.beans.factory.support.DefaultListableBeanFactory ~ Returning cached instance of singleton bean 'org.springframework.context.annotation.ConfigurationClassPostProcessor.enhancedConfigurationProcessor'
2015-06-20 21:16:38,982 DEBUG org.springframework.context.support.ClassPathXmlApplicationContext ~ Unable to locate LifecycleProcessor with name 'lifecycleProcessor': using default [org.springframework.context.support.DefaultLifecycleProcessor@1c481ff2]
2015-06-20 21:16:38,982 DEBUG org.springframework.beans.factory.support.DefaultListableBeanFactory ~ Returning cached instance of singleton bean 'lifecycleProcessor'
2015-06-20 21:16:38,983 TRACE org.springframework.context.support.ClassPathXmlApplicationContext ~ Publishing event in org.springframework.context.support.ClassPathXmlApplicationContext@41a4555e: org.springframework.context.event.ContextRefreshedEvent[source=org.springframework.context.support.ClassPathXmlApplicationContext@41a4555e: startup date [Sat Jun 20 21:16:37 EDT 2015]; root of context hierarchy]
2015-06-20 21:16:38,984 TRACE org.springframework.core.env.PropertySourcesPropertyResolver ~ getProperty("spring.liveBeansView.mbeanDomain", String)
2015-06-20 21:16:38,984 DEBUG org.springframework.core.env.PropertySourcesPropertyResolver ~ Searching for key 'spring.liveBeansView.mbeanDomain' in [systemProperties]
2015-06-20 21:16:38,984 DEBUG org.springframework.core.env.PropertySourcesPropertyResolver ~ Searching for key 'spring.liveBeansView.mbeanDomain' in [systemEnvironment]
2015-06-20 21:16:38,984 TRACE org.springframework.core.env.SystemEnvironmentPropertySource ~ PropertySource [systemEnvironment] does not contain 'spring.liveBeansView.mbeanDomain'
2015-06-20 21:16:38,984 TRACE org.springframework.core.env.SystemEnvironmentPropertySource ~ PropertySource [systemEnvironment] does not contain 'spring_liveBeansView_mbeanDomain'
2015-06-20 21:16:38,985 TRACE org.springframework.core.env.SystemEnvironmentPropertySource ~ PropertySource [systemEnvironment] does not contain 'SPRING.LIVEBEANSVIEW.MBEANDOMAIN'
2015-06-20 21:16:38,985 TRACE org.springframework.core.env.SystemEnvironmentPropertySource ~ PropertySource [systemEnvironment] does not contain 'SPRING_LIVEBEANSVIEW_MBEANDOMAIN'
2015-06-20 21:16:38,985 DEBUG org.springframework.core.env.PropertySourcesPropertyResolver ~ Could not find key 'spring.liveBeansView.mbeanDomain' in any property source. Returning [null]
2015-06-20 21:16:38,985 DEBUG org.springframework.beans.factory.support.DefaultListableBeanFactory ~ Returning cached instance of singleton bean 'javaData'
2015-06-20 21:16:39,040 DEBUG org.springframework.jdbc.datasource.DriverManagerDataSource ~ Creating new JDBC DriverManager Connection to [jdbc:sqlite:/Users/Sunny/IdeaProjects/Hibernate/src/main/resources/metrolink.db]
2015-06-20 21:16:45,762 DEBUG org.springframework.jdbc.datasource.DriverManagerDataSource ~ Creating new JDBC DriverManager Connection to [jdbc:sqlite:/Users/Sunny/IdeaProjects/Hibernate/src/main/resources/metrolink.db]
